<?xml version="1.0" encoding="UTF-8"?>
<!-- Generated by org.testng.reporters.JUnitXMLReporter -->
<testsuite ignored="3" hostname="DESKTOP-HU45FAP" failures="0" tests="2" name="API" time="0.043" errors="0" timestamp="2024-06-17T16:01:09 IST">
  <testcase classname="demo.Demo3" name="ApiTest" time="0.005"/>
  <testcase classname="demo.Demo3" name="loginApiTest" time="0.004"/>
  <testcase classname="demo.Demo3" name="mobile2" time="0.0">
    <ignored/>
  </testcase> <!-- mobile2 -->
  <testcase classname="demo.Demo3" name="mobile3" time="0.0">
    <ignored/>
  </testcase> <!-- mobile3 -->
  <testcase classname="demo.Demo3" name="mobile1" time="0.0">
    <ignored/>
  </testcase> <!-- mobile1 -->
</testsuite> <!-- API -->
