<?xml version="1.0" encoding="UTF-8"?>
<!-- Generated by org.testng.reporters.JUnitXMLReporter -->
<testsuite ignored="0" hostname="DESKTOP-HU45FAP" failures="0" tests="8" name="Banking" time="0.215" errors="0" timestamp="2024-06-17T20:04:08 IST">
  <testcase classname="demo.Demo3" name="ApiTest" time="0.018"/>
  <testcase classname="demo.Demo3" name="loginApiTest" time="0.009"/>
  <testcase classname="demo.Demo3" name="mobile1" time="0.011"/>
  <testcase classname="demo.Demo3" name="mobile2" time="0.004"/>
  <testcase classname="demo.Demo3" name="mobile3" time="0.002"/>
  <testcase classname="demo.TestDemoo" name="dummy" time="0.004"/>
  <testcase classname="demo.TestNgDemo" name="demo" time="0.005"/>
  <testcase classname="demo.TestNgDemo" name="demo1" time="0.011"/>
</testsuite> <!-- Banking -->
